[    0.000000] Initializing cgroup subsys cpuset
[    0.000000] Initializing cgroup subsys cpu
[    0.000000] Initializing cgroup subsys cpuacct
[    0.000000] Linux version 4.4.0-154-generic (buildd@lgw01-amd64-049) (gcc version 5.4.0 20160609 (Ubuntu 5.4.0-6ubuntu1~16.04.10) ) #181-Ubuntu SMP Tue Jun 25 05:29:03 UTC 2019 (Ubuntu 4.4.0-154.181-generic 4.4.179)
[    0.000000] Command line: BOOT_IMAGE=/boot/vmlinuz-4.4.0-154-generic root=LABEL=cloudimg-rootfs ro console=tty1 console=ttyS0
[    0.000000] KERNEL supported cpus:
[    0.000000]   Intel GenuineIntel
[    0.000000]   AMD AuthenticAMD
[    0.000000]   Centaur Centauraus
[    0.000000] x86/fpu: Legacy x87 FPU detected.
[    0.000000] e820: BIOS-provided physical RAM map:
[    0.000000] BIOS-e820: [mem 0x0000000000000000-0x000000000009fbff] usable
[    0.000000] BIOS-e820: [mem 0x000000000009fc00-0x000000000009ffff] reserved
[    0.000000] BIOS-e820: [mem 0x00000000000f0000-0x00000000000fffff] reserved
[    0.000000] BIOS-e820: [mem 0x0000000000100000-0x000000003ffeffff] usable
[    0.000000] BIOS-e820: [mem 0x000000003fff0000-0x000000003fffffff] ACPI data
[    0.000000] BIOS-e820: [mem 0x00000000fec00000-0x00000000fec00fff] reserved
[    0.000000] BIOS-e820: [mem 0x00000000fee00000-0x00000000fee00fff] reserved
[    0.000000] BIOS-e820: [mem 0x00000000fffc0000-0x00000000ffffffff] reserved
[    0.000000] NX (Execute Disable) protection: active
[    0.000000] SMBIOS 2.5 present.
[    0.000000] Hypervisor detected: KVM
[    0.000000] e820: last_pfn = 0x3fff0 max_arch_pfn = 0x400000000
[    0.000000] MTR: Dsabled
[    0.000000] x86/PAT: MTRRs disabled, skipping PAT initialization too.
[    0.000000] CPU MTRRs all blank - virtualized system.
[    0.000000] x86/PAT: Configuration [0-7]: WB  WT  UC- UC  WB  WT  UC- UC  
[    0.000000] found SMP MP-table at [mem 0x0009fff0-0x0009ffff] mapped at [ffff88000009fff0]
[    0.000000] Scanning 1 areas for low memory corruption
[    0.000000] RAMDISK: [mem 0x362fa000-0x37174fff]
[    0.000000] ACPI: Early table checksum verification disabled
[    0.000000] ACPI: RSDP 0x00000000000E0000 000024 (v02 VBOX  )
[    0.000000] ACPI: XSDT 0x000000003FFF0030 00003C (v01 VBOX   VBOXXSDT 00000001 ASL  00000061)
[    0.000000] ACPI: FACP 0x000000003FFF00F0 0000F4 (v04 VBOX   VBOXFACP 00000001 ASL  00000061)
[    0.000000] ACPI: DSDT 0x000000003FFF0470 0021FF (v02 VBOX   VBOXBIOS 00000002 INTL 20180105)
[    0.000000] ACPI: FACS 0x0000000003FFF0200 000040
[    0.000000] ACPI: FACS 0x000000003FFF0200 000040
[    0.000000] ACPI: APIC 0x000000003FFF0240 005C (v02 VBOX   VBOXAPIC 00000001 ASL  00000061)
[    0.000000] ACPI: SSDT 0x000000003FFF02A0 0001CC (v01 VBOX   VBOXCPUT 00000002 INTL 20180105)
[    0.000000] No NUMA configuration found
[    0.000000] Faking a node at [mem 0x0000000000000000-0x000000003ffeffff]
[    0.000000] NODE_DATA(0) allocated [mem 0x3ffeb000-0x3ffeffff]
[    0.000000] kvm-clock: Using msrs 4b564d01 and 4b564d00
[    0.000000] kvm-clock: cpu 0, msr 0:3ffe3001, primary cpu clock
[    0.000000] kvm-clock: using sched offset of 5239922483 cycles
[    0.000000] cloccksource: kvm-clock: mask: 0xfffffffffffffff max_cycles: 0x1cd42e4dffb, max_idle_ns: 881590591483 ns
[   0.000000] Zone ranges:
[    0.000000]   DMA      [mem 0x0000000000001000-0x000000000ffffff]
[    0.000000]   DMA32    [mem 0x0000000001000000-0x000000003ffeffff]
[    0.000000]   Normal   empty
[    0.000000]   Device   empty
[    0.000000] Movable zone start for each node
[    0.000000] Early memory node ranges
[    0.000000]   node   0: [mem 0x0000000000001000-0x000000000009efff]
[    0.000000]   node   0: [mem 0x0000000000100000-0x000000003ffeffff]
[    0.000000] Initmem setup node 0 [mem 0x0000000000001000-0x000000003ffeffff]
[    0.000000] ACPI: PM-Timer IO Port: 0x4008
[    0.000000] IOAPIC[0]: apic_id 2, version 32, address 0xfec00000, GSI 0-23
[    0.000000] ACPI: INT_SRC_OVR (bus 0 bus_irq 0 global_irq 2 dfl dfl)
[    0.000000] ACPI: INT_SRC_OVR (bus 0 bus_irq 9 global_irq 9 low level)
[    0.000000] Using ACPI (MADT) for SMP configuration information
[    0.000000] smpboot: Allowing 2 CPUs, 0 hotplug CPUs
[    0.000000] PM: Registered nosave memory: [mem 0x00000000-0x00000fff]
[    0.000000] PM: Registered nosave memory: [mem 0x0009f000-0x0009ffff]
[    0.000000] PM: Registered nosave memory: [mem 0x000a0000-0x000effff]
[    0.000000] PM: Registered nosave memory: [mem 0x000f000-0x00fffff]
[    0.000000] e820: [mem 0x40000000-0xfebffff] available for PCI devices
[    0.000000] Booting paravirtualized kernel on KVM
[    0.000000] clocksource: refined-jiffies: mask: 0xffffffff max_cycles: 0xffffffff, max_idle_ns: 7645519600211568 ns
[    0.000000] setup_percpu: NR_CPUS:512 nr_cpumask_bits:512 nr_cpu_ids:2 nr_node_ids:1
[    0.000000] PERCPU: Embedded 34 pages/cpu @ffff88003fc00000 s99480 r8192 d31592 u1048576
[    0.000000] Built 1 zonelists in Node order, mobility grouping on.  Total pages: 257912
[    0.000000] Policy zone: DMA32
[    0.000000] Kernel command line: BOOT_IMAGE=/boot/vmlinuz-4.4.0-154-generic root=LABEL=cloudimg-rootfs ro console=tty1 console=ttyS0
[    0.000000] PID hash table entries: 4096 (order: 3, 32768 bytes)
[    0.000000] Memory: 997732K/1048120K available (8613K kernel code, 1335K rwdata, 4028K rodata, 14884K init, 1284K bss, 50388K reserved, 0K cma-reserved)
[    0.000000] SLUB: HWalign=64, Order=0-3, MinObjects=0, CPUs=2, Nodes=1
[    0.000000] Kernel/User page tables isolation: enabled
[    0.000000] Hierarchical RCU implementation.
[    0.000000] 	Build-time adjustment of leaf fanout to 64.
[    0.000000] 	RCU restricting CPUs from NR_CPUS=512 to nr_cpu_ids=2.
[    0.000000] RCU: Adjusting geometry for rcu_fanout_leaf=64, nr_cpu_ids=2
[    0.000000] NR_IRQS:33024 nr_irqs:440 16
[    0.000000] Console: colour VGA+ 80x25
[    0.000000] console [tty1] enabled
[    0.000000] console [ttyS0] enabled
[    0.000000] tsc: Detected 2992.498 MHz processor
[    1.498482] Calibrating delay loop (skipped) preset value.. 5984.99 BogoMIPS (lpj=11969992)
[    1.503738] pid_max: default: 32768 minimum: 301
[    1.506548] ACPI: Core revision 20150930
[    1.510899] ACPI: 2 ACPI AML tables successfully acquired and loaded
[    1.515083] Security Framework initialized
[    1.517669] Yama: becoming mindful.
[    1.520166] AppArmor: AppArmor initialized
[    1.523018] Dentry cache hash table entries: 131072 (order: 8, 1048576 bytes)
[    1.527844] Inode-cache hash table entries: 65536 (order: 7, 524288 bytes)
[    1.532019] Mount-cache hash table entries: 2048 (order: 2, 16384 bytes)
[    1.536386] Mountpoint-cache hash table entries: 2048 (order: 2, 16384 bytes)
[    1.542283] Initializing cgroup subsys io
[    1.544631] Initializing cgroup subsys memory
[    1.546111] Initializing cgroup subsys devices
[    1.552908] Initializing cgroup subsys freezer
[    1.554402] Initializing cgroup subsys net_cls
[    1.564803] Initializing cgroup subsys perf_event
[    1.566345] Initializing cgroup subsys net_prio
[    1.567865] Initializing cgroup subsys hugetlb
[    1.569342] Initializing cgroup subsys pids
[    1.570890] mce: CPU supports 0 MCE banks
[    1.572366] Last level iTLB entries: 4KB 128, 2MB 4, 4MB 4
[    1.574072] Last level dTLB entries: 4KB 256, 2MB 0, 4MB 32, 1GB 0
[    1.575942] Spectre V2 : Mitigation: Full generic retpoline
[    1.577659] Spectre V2 : Spectre v2 / SpectreRSB mitigation: Filling RSB on context switch
[    1.580452] Speculative Store Bypass: Vulnerable
[    1.582891] MDS: Vulnerable: Clear CPU buffers attempted, no microcode
[    1.593097] Freeing SMP alternatives memory: 36K
[    1.602440] ftrace: allocating 32299 entries in 127 pages
[    1.674480] smpboot: APIC(0) Converting physical 0 to logical package 0
[    1.792631] smpboot: Max logical packages: 1
[    1.830744] x2apic enabled
[    1.845543] Switched APIC routing to physical x2apic.
[    1.849545] ..TIMER: vector=0x30 apic1=0 pin1=2 apic2=-1 pin2=-1
[    1.959428] smpboot: CPU0: Intel(R) Core(TM)2 Duo CPU     E8400  @ 3.00GHz (family: 0x6, model: 0x17, stepping: 0xa)
[    1.992469] Performance Events: unsupported p6 CPU model 23 no PMU driver, software events only.
[    2.093650] KVM setup paravirtual spinlock
[    2.096666] x86: Booting SMP configuration:
[    2.098093] .... node  #0, CPUs:      #1
[    2.099491] kvm-clock: cpu 1, msr 0:3ffe3041, secondary cpu clock
[    2.109391] mce: CPU supports 0 MCE banks
[    2.112561] x86: Booted up 1 node, 2 CPUs
[    2.114444] smpboot: Total of 2 processors activated (11969.99 BogoMIPS)
[    2.117016] devtmpfs: initialized
[    2.121061] evm: security.selinux
[    2.122302] evm: security.SMACK64
[    2.123557] evm: security.SMACK64EXEC
[    2.124869] evm: security.SMACK64TRANSMUTE
[    2.131449] evm: security.SMACK64MMAP
[    2.132762] evm: security.ima
[    2.133927] evm: security.capability
[    2.136503] clocksource: jiffies: mask: 0xffffffff max_cycles: 0xffffffff, max_idle_ns: 7645041785100000 ns
[    2.144778] futex hash table entries: 512 (order: 3, 32768 bytes)
[    2.146791] pinctrl core: initialized pinctrl subsystem
[    2.153887] RTC time: 17:23:40, date: 08/22/19
[    2.155776] NET: Registered protocol family 16
[    2.171567] cpuidle: using governor ladder
[    2.187669] cpuidle: using governor menu
[    2.189079] PCCT header not found.
[    2.190391] ACPI: bus type PCI registered
[    2.191796] acpiphp: ACPI Hot Plug PCI Controller Driver version: 0.5
[    2.193817] PCI: Using configuration type 1 for base access
[    2.208424] ACPI: Added _OSI(Module Device)
[    2.209848] ACPI: Added _OSI(Processor Device)
[    2.211331] ACPI: Added _OSI(3.0 _SCP Extensions)
[    2.258101] ACPI: Added _OSI(Processor Aggregator Device)
[    2.260655] ACPI: Executed 1 blocks of module-level executable AML code
[    2.265258] ACPI: Interpreter enabled
[    2.338703] ACPI: (supports S0 S5)
[    2.365152] ACPI: Using IOAPIC for interrupt routing
[    2.366980] PCI: Using host bridge windows from ACPI; if necessary, use "pci=nocrs" and report a bug
[    2.450798] ACPI: PCI Root Bridge [PCI0] (domain 0000 [bus 00-ff])
[    2.452651] acpi PNP0A03:00: _OSC: OS supports [ASPM ClockPM Segments MSI]
[    2.454660] acpi PNP0A03:00: _OSC: not requesting OS control; OS requires [ExtendedConfig ASPM ClockPM MSI]
[    2.497449] acpi PNP0A03:00: fail to add MMCONFIG information, can't access extended PCI configuration space under this bridge.
[    2.573342] PCI host bridge to bus 0000:00
[    2.574798] pci_bus 0000:00: root bus resource [io  0x0000-0x0cf7 window]
[    2.595580] pci_bus 0000:00: root bus resource [io  0x0d00-0xffff window]
[    2.668650] pci_bus 0000:00: root bus resource [mem 0x000a0000-0x000bffff window]
[    2.825755] pci_bus 0000:00: root bus resource [mem 0x40000000-0xfdffffff window]
[    2.890755] pci_bus 0000:00: root bus resource [bus 00-ff]
[    2.942055] pci 0000:00:01.1: legacy IDE quirk: reg 0x10: [io  0x01f0-0x01f7]
[    2.946268] pci 0000:00:01.1: legacy IDE quirk: reg 0x14: [io  0x03f6]
[    2.948187] pci 0000:00:01.1: legacy IDE quirk: reg 0x18: [io  0x0170-0x0177]
[    2.950231] pci 0000:00:01.1: legacy IDE quirk: reg 0x1c: [io  0x0376]
[    2.977965] pci 0000:00:07.0: quirk: [io  0x4000-0x403f] claimed by PIIX4 ACPI
[    2.981552] pci 0000:00:07.0: quirk: [io  0x4100-0x410f] claimed by PIIX4 SMB
[    2.992131] ACPI: PCI Interrupt Link [LNKA] (IRQs 5 9 10 *11)
[    2.998368] ACPI: PCI Interrupt Link [LNKB] (IRQs 5 9 *10 11)
[    3.001892] ACPI: PCI Interrupt Link [LNKC] (IRQs 5 *9 10 11)
[    3.004337] ACPI: PCI Interrupt Link [LNKD] (IRQs 5 9 10 *11)
[    3.006838] ACPI: Enabled 2 GPEs in block 00 to 07
[    3.032759] vgaarb: setting as boot device: PCI:0000:00:02.0
[    3.037310] vgaarb: device added: PCI:0000:00:02.0,decodes=io+mem,owns=io+mem,locks=none
[    3.040068] vgaarb: loaded
[    3.041180] vgaarb: bridge control possible 0000:00:02.0
[    3.043490] SCSI subsystem initialized
[    3.045317] ACPI: bus type USB registered
[    3.046768] usbcore: registered new interface driver usbfs
[    3.048512] usbcore: registered new interface driver hub
[    3.050195] usbcore: registered new device driver usb
[    3.052236] PCI: Using ACPI for IRQ routing
[    3.054369] NetLabel: Initializing
[    3.055628] NetLabel:  domain hash size = 128
[    3.090221] NetLabel:  protocols = UNLABELED CIPSOv4
[    3.091857] NetLabel:  unlabeled traffic allowed by default
[    3.131105] amd_nb: Cannot enumerate AMD northbridges
[    3.173599] clocksource: Switched to clocksource kvm-clock
[  3.189560] AppArmor: AppArmor Filesystem Enabled
[    3.250796] pnp: PnP ACPI init
[    3.253094] pnp: PnP ACPI: found 3 devices

[    3.266372] clocksource: acpi_pm: mask: 0xffffff max_cycles: 0xffffff, max_idle_ns: 20857014 s
[    3.361164] NET: Registered protocol family 2

[    3.363295] TCP established hash table entries: 8192 (order: 4, 65536 bytes)
[    3.365495] TCP bind hash table entries: 8192 (order: 5, 131072 bytes)
[    3.367571] TCP: Hash tables configured (established 8192 bind 8192)
[    3.369631] UDP hash table entries: 512 (order: 2, 16384 bytes)
[    3.371560] UDP-Lite hash table entries: 512 (order: 2, 16384 bytes)
[    3.373635] NET: Registered protocol family 1
[    3.375223] pci 0000:00:00.0: Limiting direct PCI/PCI transfers
[    3.377131] pci 0000:00:01.0: Ativating ISA DMA hang workarounds
[    3.409887] Unpacking initramfs...

[    3.660273] Freeing initrd memory: 14828K
[    3.667356] clocksource: tsc: mask: 0xffffffffffffffff max_cycles: 0x2b2296bc2b9, max_idle_ns: 440795321505 ns
[    3.670890] platform rtc_cmos: registered platform RTC device (no PNP device found)
[    3.673747] Scanning for low memory corruption every 60 seconds
[    3.684924] audit: initializing netlink subsys (disabled)
[    3.698371] audit: type=2000 audit(1566494626.441:1): initialized
[    3.701600] Initialise system trusted keyring
[    3.705525] HugeTLB registered 2 MB page size, pre-allocated 0 pages
[    3.710697] zbud: loaded
[    3.716667] VFS: Disk quotas dquot_6.6.0
[    3.718789] VFS: Dquot-cache hash table entries: 512 (order 0, 4096 bytes)
[    3.721855] squashfs: version 4.0 (2009/01/31) Phillip Lougher
[    3.724973] fuse init (API version 7.23)
[    3.727216] Key type big_key registered
[    3.729224] Allocating IMA MOK and blacklist keyrings.
[    3.746820] Key type asymmetric registered
[    3.748928] Asymmetric key parser 'x509' registered
[    3.751377] Block layer SCSI generic (bsg) driver version 0.4 loaded (major 249)
[    3.755226] io scheduler noop registered
[    3.757223] io scheduler deadline registered (default)
[    3.759918] io scheduler cfq registered
[    3.762036] pci_hotplug: PCI Hot Plug PCI Core version: 0.5
[    3.764803] pciehp: PCI Express Hot Plug Controller Driver version: 0.4
[    3.768208] ACPI: AC Adapter [AC] (on-line)
[    3.770700] input: Power Button as /devices/LNXSYSTM:00/LNXPWRBN:00/input/input0
[    3.774422] ACPI: Power Button [PWRF]
[    3.776644] input: Sleep Button as /devices/LNXSYSTM:00/LNXSLPBN:00/input/input1
[    3.801091] ACPI: Sleep Button [SLPF]
[    3.820097] GHES: HEST is not enabled!
[    3.821667] Serial: 8250/16550 driver, 32 ports, IRQ sharing enabled
[    3.846589] 00:02: ttyS0 at I/O 0x3f8 (irq = 4, base_baud = 115200) is a 16550A
[    3.872398] Linux agpgart interface v0.103
[    3.876339] loop: module loaded
[    3.878659] scsi host0: ata_piix
[    4.000147] scsi host1: ata_piix
[    4.001645] ata1: PATA max UDMA/33 cmd 0x1f0 ctl 0x3f6 bmdma 0xd000 irq 14
[    4.003760] ata2: PATA max UDMA/33 cmd 0x170 ctl 0x376 bmdma 0xd008 irq 15
[    4.040596] libphy: Fixed MDIO Bus: probed
[    4.042207] tun: Universal TUN/TAP device driver, 1.6
[    4.043891] tun: (C) 1999-2004 Max Krasnyansky <maxk@qualcomm.com>
[    4.045834] PPP generic driver version 2.4.2
[    4.047397] ehci_hcd: USB 2.0 'Enhanced' Host Controller (EHCI) Driver
[    4.070146] ehci-pci: EHCI PCI platform driver
[    4.080487] ehci-platform: EHCI generic platform driver
[    4.082208] ohci_hcd: USB 1.1 'Open' Host Controller (OHCI) Driver
[    4.084124] ohci-pci: OHCI PCI platform driver
[    4.085678] ohci-platform: OHCI generic platform driver
[    4.159595] uhci_hcd: USB Universal Host Controller Interface driver
[    4.270475] i8042: PNP: PS/2 Controller [PNP0303:PS2K,PNP0f03:PS2M] at 0x60,0x64 irq 1,12
[    4.274285] serio: i8042 KBD port at 0x60,0x64 irq 1
[    4.275996] serio: i8042 AUX port at 0x60,0x64 irq 12
[    4.277942] mousedev: PS/2 mouse device common for all mice
[    4.280581] input: AT Translated Set 2 keyboard as /devices/platform/i8042/serio0/input/input2
[    4.283899] rtc_cmos rtc_cmos: rtc core: registered rtc_cmos as rtc0
[    4.285933] rtc_cmos rtc_cmos: alarms up to one day, 114 bytes nvram
[    4.287855] i2c /dev entries driver
[    4.289263] device-mapper uvent: version 1.0.3

[    4.357813] device-mapper: ioctl: 4.34.0-ioctl (2015-10-28) initialised: dm-devel@redhat.com
[    4.360814] ledtrig-cpu: registered to indicate activity on CPUs
[    4.363545] NET: Registered protocol family 10
[    4.365581] NET: Registered protocol family 17
[    4.380467] Key type dns_resolver registered
[    4.382354] registered taskstats version 1
[    4.480093] Loading compiled-in X.509 certificates
[    4.482780] Loaded X.509 cert 'Build time autogenerated kernel key: 65139e04a67245b562a838c28b5e7032abdd4348'
[    4.486058] zswap: loaded using pool lzo/zbud
[    4.500547] Key type trusted registered
[    4.527589] Key type encrypted registered
[    4.530374] AppArmor: AppArmor sha1 policy hashing enabled
[    4.532134] ima: No TPM chip found, activating TPM-bypass!
[    4.533936] ima: Allocated hash algorithm: sha1
[    4.535498] evm: HMAC attrs: 0x1
[    4.537140]   Magic number: 15:292:391
[    4.560100] rtc_cmos rtc_cmos: setting system clock to 2019-08-22 17:23:42 UTC (1566494622)
[    4.563280] BIOS EDD facility v0.16 2004-Jun-25, 0 devices found
[    4.565171] EDD information not available.
[    4.575596] Freeing unused kernel memory: 1484K
[    4.589647] Write protecting the kernel read-only data: 14336k
[    4.605298] Freeing unused kernel memory: 1616K
[    4.607250] Freeing unused kernel memory: 68K
Loading, please wait...
starting version 229
[    4.749916] random: systemd-udevd: uninitialized urandom read (16 bytes read, 2 bits of entropy available)
[    4.756487] random: systemd-udevd: uninitialized urandom read (16 bytes read, 2 bits of entropy available)
[    4.758744] random: udevadm: uninitialized urandom read (16 bytes read, 2 bits of entropy available)
[    4.759110] random: udevadm: uninitialized urandom read (16 bytes read, 2 bits of entropy available)
[    4.771576] random: systemd-udevd: uninitialized urandom read (16 bytes read, 2 bits of entropy available)
[    4.776656] random: systemd-udevd: uninitialized urandom read (16 bytes read, 2 bits of entropy available)
[    4.817393] random: systemd-udevd: uninitialized urandom read (16 bytes read, 2 bits of entropy available)
[    4.835451] random: systemd-udevd: uninitialized urandom read (16 bytes read, 2 bits of entropy available)
[    4.844012] random: systemd-udevd: uninitialized urandom read (16 bytes read, 2 bits of entropy available)
[    4.844643] random: udevadm: uninitialized urandom read (16 bytes read, 2 bits of entropy available)
[    5.168703] Fusion MPT base driver 3.04.20
[    5.183527] Copyright (c) 1999-2008 LSI Corporation
[    5.225875] e1000: Intel(R) PRO/1000 Network Driver - version 7.3.21-k8-NAPI
[    5.230883] e1000: Copyright (c) 1999-2006 Intel Corporation.
[    5.260428] Fusion MPT SPI Host driver 3.04.20
[    5.448286] input: ImExPS/2 Generic Explorer Mouse as /devices/platform/i8042/serio1/input/input4
[    5.765040] e1000 0000:00:03.0 eth0: (PCI:33MHz:32-bit) 02:1e:e5:6d:71:21
[    5.768142] e1000 0000:00:03.0 eth0: Intel(R) PRO/1000 Network Connection
[    5.774755] e1000 0000:00:03.0 enp0s3: renamed from eth0
[    5.776720] mptbase: ioc0: Initiating bringup
[    5.842131] ioc0: LSI53C1030 A0: Capabilities={Initiator}
[    6.003829] scsi host2: ioc0: LSI53C1030 A0, FwRev=00000000h, Ports=1, MaxQ=256, IRQ=20
[    6.122140] scsi 2:0:0:0: Direct-Access     VBOX     HARDDISK         1.0  PQ: 0 ANSI: 5
[    6.124880] scsi target2:0:0: Beginning Domain Validation
[    6.162445] scsi target2:0:0: Domain Validation skipping write tests
[    6.164334] scsi target2:0:0: Ending Domain Validation
[    6.166090] scsi target2:0:0: asynchronous
[    6.168216] scsi 2:0:1:0: Direct-Access     VBOX     HARDDISK         1.0  PQ: 0 ANSI: 5
[    6.170972] scsi target2:0:1: Beginning Domain Validation
[    6.192260] scsi target2:0:1: Domain Validation skipping write tests
[    6.194154] scsi target2:0:1: Ending Domain Validation
[    6.195891] scsi target2:0:1: asynchronous
[    6.205405] sd 2:0:0:0: [sda] 20971520 512-byte logical blocks: (10.7 GB/10.0 GiB)
[    6.205781] sd 2:0:0:0: Attached scsi generic sg0 type 0
[    6.208937] sd 2:0:1:0: Attached scsi generic sg1 type 0
[    6.213930] sd 2:0:1:0: [sdb] 20480 512-byte logical blocks: (10.5 MB/10.0 MiB)
[    6.220528] sd 2:0:1:0: [sdb] Write Protect is off
[    6.220573] sd 2:0:0:0: [sda] Write Protect is off
[    6.220680] sd 2:0:0:0: [sda] Incomplete mode parameter data
[    6.220681] sd 2:0:0:0: [sda] Assuming drive cache: write through
[    6.243183]  sda: sda1
[    6.245082] sd 2:0:0:0: [sda] Attached SCSI disk
[    6.317941] sd 2:0:1:0: [sdb] Incomplete mode parameter data
[    6.319787] sd 2:0:1:0: [sdb] Assuming drive cache: write through
[    6.355110] sd 2:0:1:0: [sdb] Attached SCSI disk
Begin: Loading essential drivers ... [    8.726556] md: linear personality registered for level -1
[    8.753777] md: multipath personality registered for level -4
[    8.780779] md: raid0 personality registered for level 0
[    8.810933] md: raid1 personality registered for level 1
[    8.917644] raid6: sse2x1   gen()  4595 MB/s
[    8.989633] raid6: sse2x1   xor()  4642 MB/s
[    9.057630] raid6: sse2x2   gen()  7366 MB/s
[    9.125630] raid6: sse2x2   xor()  5821 MB/s
[    9.194912] raid6: sse2x4   gen()  8665 MB/s
[    9.261655] raid6: sse2x4   xor()  6495 MB/s
[    9.263704] raid6: using algorithm sse2x4 gen() 8665 MB/s
[    9.266128] raid6: .... xor() 6495 MB/s, rmw enabled
[    9.268385] raid6: using ssse3x2 recovery algorithm
[    9.282023] xor: measuring software checksum speed
[    9.349108]    prefetch64-sse: 28950.000 MB/sec
[    9.479000]    generic_sse: 25171.000 MB/sec
[    9.480752] xor: using function: prefetch64-sse (28950.000 MB/sec)
[    9.533662] async_tx: api initialized (async)
[    9.577897] md: raid6 personality registered for level 6
[    9.600088] md: raid5 personality registered for level 5
[    9.609292] md: raid4 personality registered for level 4
[    9.659002] md: raid10 personality registered for level 10
done.
Begin: Running /scripts/init-premount ... done.
Begin: Mounting root file system ... Begin: Running /scripts/local-top ... done.
Begin: Running /scripts/local-premount ... [    9.820154] Btrfs loaded
Scanning for Btrfs filesystems
done.
Warning: fsck not present, so skipping root file system
[   10.037642] EXT4-fs (sda1): mounted filesystem with ordered data mode. Opts: (null)
done.
Begin: Running /scripts/local-bottom ... done.
Begin: Running /scripts/init-bottom ... done.
[   10.884508] systemd[1]: systemd 229 running in system mode. (+PAM +AUDIT +SELINUX +IMA +APPARMOR +SMACK +SYSVINIT +UTMP +LIBCRYPTSETUP +GCRYPT +GNUTLS +ACL +XZ -LZ4 +SECCOMP +BLKID +ELFUTILS +KMOD -IDN)
[   10.909781] systemd[1]: Detected virtualization oracle.
[   10.920683] systemd[1]: Detected architecture x86-64.

Welcome to [1mUbuntu 16.04.6 LTS[0m!

[   10.962748] systemd[1]: Set hostname to <ubuntu-xenial>.
[   11.300634] random: nonblocking pool is initialized
[   12.027717] systemd[1]: Listening on /dev/initctl Compatibility Named Pipe.
[[0;32m  OK  [0m] Listening on /dev/initctl Compatibility Named Pipe.
[   12.043738] systemd[1]: Listening on udev Kernel Socket.
[[0;32m  OK  [0m] Listening on udev Kernel Socket.
[   12.046995] systemd[1]: Reached target Swap.
[[0;32m  OK  [0m] Reached target Swap.
[   12.052510] systemd[1]: Listening on Journal Socket (/dev/log).
[[0;32m  OK  [0m] Listening on Journal Socket (/dev/log).
[   12.065460] systemd[1]: Created slice System Slice.
[[0;32m  OK  [0m] Created slice System Slice.
[   12.070660] systemd[1]: Listening on Journal Audit Socket.
[[0;32m  OK  [0m] Listening on Journal Audit Socket.
[   12.074010] systemd[1]: Started Trigger resolvconf update for networkd DNS.
[[0;32m  OK  [0m] Started Trigger resolvconf update for networkd DNS.
[   12.077995] systemd[1]: Listening on udev Control Socket.
[[0;32m  OK  [0m] Listening on udev Control Socket.
[   12.094331] systemd[1]: Listening on Device-mapper event daemon FIFOs.
[[0;32m  OK  [0m] Listening on Device-mapper event daemon FIFOs.
[   12.109196] systemd[1]: Set up automount Arbitrary Executable File Formats File System Automount Point.
[[0;32m  OK  [0m] Set up automount Arbitrary Executab...ats File System Automount Point.
[   12.183351] systemd[1]: Listening on LVM2 poll daemon socket.
[[0;32m  OK  [0m] Listening on LVM2 poll daemon socket.
[   12.191694] systemd[1]: Listening on LVM2 metadata daemon socket.
[[0;32m  OK  [0m] Listening on LVM2 metadata daemon socket.
[   12.222182] systemd[1]: Listening on Journal Socket.
[[0;32m  OK  [0m] Listening on Journal Socket.
[   12.266568] systemd[1]: Starting Nameserver information manager...
         Starting Nameserver information manager...
[   12.301124] systemd[1]: Starting Set console keymap...
         Starting Set console keymap...
[   12.368841] systemd[1]: Starting Remount Root and Kernel File Systems...
         Starting Remount Root and Kernel File Systems...
[   12.408648] systemd[1]: Mounting Huge Pages File System...
         Mounting Huge Pages File System...
[   12.432964] systemd[1]: Mounting POSIX Message Queue File System...
         Mounting POSIX Message Queue File System...
[   12.469287] EXT4-fs (sda1): re-mounted. Opts: (null)
[   12.490660] systemd[1]: Starting Create list of required static device nodes for the current kernel...
         Starting Create list of required st... nodes for the current kernel...
[   12.557088] systemd[1]: Starting Monitoring of LVM2 mirrors, snapshots etc. using dmeventd or progress polling...
         Starting Monitoring of LVM2 mirrors... dmeventd or progress polling...
[   12.602218] systemd[1]: Starting Uncomplicated firewall...
         Starting Uncomplicated firewall...
[   12.692238] systemd[1]: Starting Load Kernel Modules...
         Starting Load Kernel Modules...
[   12.759741] systemd[1]: Reached target Encrypted Volumes.
[[0;32m  OK  [0m] Reached target Encrypted Volumes.
[   12.799325] systemd[1]: Reached target User and Group Name Lookups.
[[0;32m  OK  [0m] Reached target User and Group Name Lookups.
[   12.806163] systemd[1]: Created slice User and Session Slice.
[[0;32m  OK  [0m] Created slice User and Session Slice.
[   12.814492] systemd[1]: Reached target Slices.
[[0;32m  OK  [0m] Reached target Slices.
[   12.826471] systemd[1]: Started Forward Password Requests to Wall Directory Watch.
[[0;32m  OK  [0m] Started Forward Password Requests to Wall Directory Watch.
[   12.838339] Loading iSCSI transport class v2.0-870.
[   12.838394] systemd[1]: Listening on Syslog Socket.
[[0;32m  OK  [0m] Listening on Syslog Socket.
[   12.871969] systemd[1]: Starting Journal Service...
[   12.894169] iscsi: registered transport (tcp)
         Starting Journal Service...
[   12.916682] systemd[1]: Mounting Debug File System...
         Mounting Debug File System...
[   12.951333] systemd[1]: Reached target System Time Synchronized.
[[0;32m  OK  [0m] Reached target System Time Synchronized.
[   12.992327] systemd[1]: Created slice system-serial\x2dgetty.slice.
[[0;32m  OK  [0m] Created slice system-serial\x2dgetty.slice.
[   13.020844] systemd[1]: Mounted POSIX Message Queue File System.
[[0;32m  OK  [0m] Mounted POSIX Message Queue File System.
[   13.066174] systemd[1]: Mounted Huge Pages File System.
[[0;32m  OK  [0m] Mounted Huge Pages File System.
[   13.079020] systemd[1]: Mounted Debug File System.
[[0;32m  OK  [0m] Mounted Debug File System.
[   13.104608] iscsi: registered transport (iser)
[   13.136497] systemd[1]: Started Set console keymap.
[[0;32m  OK  [0m] Started Set console keymap.
[   13.156968] systemd[1]: Started Remount Root and Kernel File Systems.
[[0;32m  OK  [0m] Started Remount Root and Kernel File Systems.
[   13.197876] systemd[1]: Started Create list of required static device nodes for the current kernel.
[[0;32m  OK  [0m] Started Create list of required sta...ce nodes for the current kernel.
[   13.216697] systemd[1]: Started Uncomplicated firewall.
[[0;32m  OK  [0m] Started Uncomplicated firewall.
[   13.223009] systemd[1]: Started Load Kernel Modules.
[[0;32m  OK  [0m] Started Load Kernel Modules.
[   13.242665] systemd[1]: Started Nameserver information manager.
[[0;32m  OK  [0m] Started Nameserver information manager.
[   13.284299] systemd[1]: Started Journal Service.
[[0;32m  OK  [0m] Started Journal Service.
[[0;32m  OK  [0m] Started LVM2 metadata daemon.
         Starting Apply Kernel Variables...
         Mounting FUSE Control File System...
         Starting Create Static Device Nodes in /dev...
         Starting Flush Journal to Persistent Storage...
         Starting udev Coldplug all Devices...
         Starting Load/Save Random Seed...
[[0;32m  OK  [0m] Mounted FUSE Control File System.
[[0;32m  OK  [0m] Started Apply Kernel Variables.
[[0;32m  OK  [0m] Started Create Static Device Nodes in /dev.
[[0;32m  OK  [0m] Started Load/Save Random Seed.
         Starting udev Kernel Device Manager...
[[0;32m  OK  [0m] Started Flush Journal to Persistent Storage.
[[0;32m  OK  [0m] Started Monitoring of LVM2 mirrors,...ng dmeventd or progress polling.
[[0;32m  OK  [0m] Started udev Kernel Device Manager.
[[0;32m  OK  [0m] Reached target Local File Systems (Pre).
[[0;32m  OK  [0m] Reached target Local File Systems.
         Starting Set console font and keymap...
         Starting Initial cloud-init job (pre-networking)...
         Starting LSB: AppArmor initialization...
         Starting Create Volatile Files and Directories...
         Starting Tell Plymouth To Write Out Runtime Data...
[[0;32m  OK  [0m] Started Tell Plymouth To Write Out Runtime Data.
[[0;32m  OK  [0m] Started udev Coldplug all Devices.
[[0;32m  OK  [0m] Started Create Volatile Files and Directories.
         Starting Update UTMP about System Boot/Shutdown...
[[0;32m  OK  [0m] Started Dispatch Password Requests to Console Directory Watch.
[[0;32m  OK  [0m] Started Update UTMP about System Boot/Shutdown.
[[0;32m  OK  [0m] Found device /dev/ttyS0.
[[0;32m  OK  [0m] Listening on Load/Save RF Kill Switch Status /dev/rfkill Watch.
[[0;32m  OK  [0m] Started LSB: AppArmor initialization.
[[0;32m  OK  [0m] Found device 82540EM Gigabit Ethern...r (PRO/1000 MT Desktop Adapter).
[[0;32m  OK  [0m] Started Set console font and keymap.
[[0;32m  OK  [0m] Created slice system-getty.slice.
[   18.326663] cloud-init[463]: Cloud-init v. 19.1-1-gbaa47854-0ubuntu1~16.04.1 running 'init-local' at Thu, 22 Aug 2019 17:23:57 +0000. Up 16.77 seconds.
[[0;32m  OK  [0m] Started Initial cloud-init job (pre-networking).
[[0;32m  OK  [0m] Reached target Network (Pre).
[[0;32m  OK  [0m] Started ifup for enp0s3.
         Starting Raise network interfaces...
[[0;32m  OK  [0m] Started Raise network interfaces.
[[0;32m  OK  [0m] Reached target Network.
         Starting Initial cloud-init job (metadata service crawler)...
[   22.456754] cloud-init[970]: Cloud-init v. 19.1-1-gbaa47854-0ubuntu1~16.04.1 running 'init' at Thu, 22 Aug 2019 17:24:01 +0000. Up 21.16 seconds.
[   22.476523] cloud-init[970]: ci-info: ++++++++++++++++++++++++++++++++++++++Net device info++++++++++++++++++++++++++++++++++++++
[   22.490863] cloud-init[970]: ci-info: +--------+------+----------------------------+---------------+--------+-------------------+
[   22.503857] cloud-init[970]: ci-info: | Device |  Up  |          Address           |      Mask     | Scope  |     Hw-Address    |
[   22.511416] cloud-init[970]: ci-info: +--------+------+----------------------------+---------------+--------+-------------------+
[   22.520076] cloud-init[970]: ci-info: | enp0s3 | True |         10.0.2.15          | 255.255.255.0 | global | 02:1e:e5:6d:71:21 |
[   22.528992] cloud-init[970]: ci-info: | enp0s3 | True | fe80::1e:e5ff:fe6d:7121/64 |       .       |  link  | 02:1e:e5:6d:71:21 |
[   22.535465] cloud-init[970]: ci-info: |   lo   | True |         127.0.0.1          |   255.0.0.0   |  host  |         .         |
[   22.541947] cloud-init[970]: ci-info: |   lo   | True |          ::1/128           |       .       |  host  |         .         |
[   22.557162] cloud-init[970]: ci-info: +--------+------+----------------------------+---------------+--------+-------------------+
[   22.569057] cloud-init[970]: ci-info: +++++++++++++++++++++++++++Route IPv4 info++++++++++++++++++++++++++++
[   22.578834] cloud-init[970]: ci-info: +-------+-------------+----------+---------------+-----------+-------+
[   22.585379] cloud-init[970]: ci-info: | Route | Destination | Gateway  |    Genmask    | Interface | Flags |
[   22.591747] cloud-init[970]: ci-info: +-------+-------------+----------+---------------+-----------+-------+
[   22.603798] cloud-init[970]: ci-info: |   0   |   0.0.0.0   | 10.0.2.2 |    0.0.0.0    |   enp0s3  |   UG  |
[   22.607807] cloud-init[970]: ci-info: |   1   |   10.0.2.0  | 0.0.0.0  | 255.255.255.0 |   enp0s3  |   U   |
[   22.636612] cloud-init[970]: ci-info: +-------+-------------+----------+---------------+-----------+-------+
[   22.641977] cloud-init[970]: ci-info: +++++++++++++++++++Route IPv6 info+++++++++++++++++++
[   22.647969] cloud-init[970]: ci-info: +-------+-------------+---------+-----------+-------+
[   22.650691] cloud-init[970]: ci-info: | Route | Destination | Gateway | Interface | Flags |
[   22.656580] cloud-init[970]: ci-info: +-------+-------------+---------+-----------+-------+
[   22.665016] cloud-init[970]: ci-info: |   0   |  fe80::/64  |    ::   |   enp0s3  |   U   |
[   22.668790] cloud-init[970]: ci-info: |   4   |   ff00::/8  |    ::   |   enp0s3  |   U   |
[   22.677351] cloud-init[970]: ci-info: +-------+-------------+---------+-----------+-------+
[[0;32m  OK  [0m] Started Initial cloud-init job (metadata service crawler).
[[0;32m  OK  [0m] Reached target System Initialization.
         Starting Socket activation for snappy daemon.
[[0;32m  OK  [0m] Listening on ACPID Listen Socket.
[[0;32m  OK  [0m] Started Daily apt download activities.
[[0;32m  OK  [0m] Listening on D-Bus System Message Bus Socket.
[[0;32m  OK  [0m] Listening on UUID daemon activation socket.
[[0;32m  OK  [0m] Started Daily apt upgrade and clean activities.
         Starting LXD - unix socket.
[[0;32m  OK  [0m] Started ACPI Events Check.
[[0;32m  OK  [0m] Reached target Paths.
[[0;32m  OK  [0m] Started Daily Cleanup of Temporary Directories.
[[0;32m  OK  [0m] Reached target Timers.
[[0;32m  OK  [0m] Reached target Network is Online.
         Starting iSCSI initiator daemon (iscsid)...
[[0;32m  OK  [0m] Reached target Cloud-config availability.
[[0;32m  OK  [0m] Listening on Socket activation for snappy daemon.
[[0;32m  OK  [0m] Listening on LXD - unix socket.
[[0;32m  OK  [0m] Reached target Sockets.
[[0;32m  OK  [0m] Reached target Basic System.
[[0;32m  OK  [0m] Started Regular background program processing daemon.
         Starting LSB: MD monitoring daemon...
[[0;32m  OK  [0m] Started D-Bus System Message Bus.
         Starting Virtualbox guest utils...
         Starting /etc/rc.local Compatibility...
         Starting OpenBSD Secure Shell server...
         Starting Login Service...
         Starting LSB: Record successful boot for GRUB...
         Starting Snappy daemon...
[[0;32m  OK  [0m] Started Deferred execution scheduler.
         Starting System Logging Service...
         Starting Accounts Service...
[[0;32m  OK  [0m] Started FUSE filesystem for LXC.
         Starting LXD - container startup/shutdown...
[[0;32m  OK  [0m] Started ACPI event daemon.
[[0;32m  OK  [0m] Started /etc/rc.local Compatibility.
[[0;32m  OK  [0m] Started OpenBSD Secure Shell server.
[[0;32m  OK  [0m] Started iSCSI initiator daemon (iscsid).
[[0;32m  OK  [0m] Started System Logging Service.
         Starting Login to default iSCSI targets...
[[0;32m  OK  [0m] Started Login Service.
[[0;32m  OK  [0m] Started Unattended Upgrades Shutdown.
[[0;32m  OK  [0m] Started LSB: Record successful boot for GRUB.
[[0;32m  OK  [0m] Started LSB: MD monitoring daemon.
[[0;32m  OK  [0m] Started Login to default iSCSI targets.
[[0;32m  OK  [0m] Reached target Remote File Systems (Pre).
[[0;32m  OK  [0m] Reached target Remote File Systems.
         Starting LSB: daemon to balance interrupts for SMP systems...
         Starting Permit User Sessions...
         Starting LSB: automatic crash report generation...
         Starting LSB: Set the CPU Frequency Scaling governor to "ondemand"...
[[0;32m  OK  [0m] Started Permit User Sessions.
         Starting Authenticate and Authorize Users to Run Privileged Tasks...
         Starting Hold until boot process finishes up...
         Starting Terminate Plymouth Boot Screen...
[[0;32m  OK  [0m] Started Virtualbox guest utils.
[[0;32m  OK  [0m] Started Hold until boot process finishes up.
[[0;32m  OK  [0m] Started Getty on tty1.
         Starting Set console scheme...
[[0;32m  OK  [0m] Started Serial Getty on ttyS0.
[[0;32m  OK  [0m] Reached target Login Prompts.
[[0;32m  OK  [0m] Started Terminate Plymouth Boot Screen.
[[0;32m  OK  [0m] Started Set console scheme.
[[0;32m  OK  [0m] Started LSB: daemon to balance interrupts for SMP systems.
[[0;32m  OK  [0m] Created slice User Slice of vagrant.
         Starting User Manager for UID 1000...
[[0;32m  OK  [0m] Started Session 1 of user vagrant.
[[0;32m  OK  [0m] Started Authenticate and Authorize Users to Run Privileged Tasks.
[[0;32m  OK  [0m] Started Accounts Service.
[[0;32m  OK  [0m] Started LSB: Set the CPU Frequency Scaling governor to "ondemand".
[[0;32m  OK  [0m] Started LSB: automatic crash report generation.
[[0;32m  OK  [0m] Started User Manager for UID 1000.
[[0;32m  OK  [0m] Started LXD - container startup/shutdown.
[[0;32m  OK  [0m] Started Snappy daemon.
         Starting Wait until snapd is fully seeded...
[[0;32m  OK  [0m] Started Wait until snapd is fully seeded.
[[0;32m  OK  [0m] Reached target Multi-User System.
[[0;32m  OK  [0m] Reached target Graphical Interface.
         Starting Update UTMP about System Runlevel Changes...
         Starting Apply the settings specified in cloud-config...
[[0;32m  OK  [0m] Started Update UTMP about System Runlevel Changes.
[   29.632527] cloud-init[1300]: Cloud-init v. 19.1-1-gbaa47854-0ubuntu1~16.04.1 running 'modules:config' at Thu, 22 Aug 2019 17:24:09 +0000. Up 29.20 seconds.
[[0;32m  OK  [0m] Started Apply the settings specified in cloud-config.
         Starting Execute cloud user/final scripts...
[   31.023170] cloud-init[1332]: Cloud-init v. 19.1-1-gbaa47854-0ubuntu1~16.04.1 running 'modules:final' at Thu, 22 Aug 2019 17:24:11 +0000. Up 30.65 seconds.
[   31.061613] cloud-init[1332]: Cloud-init v. 19.1-1-gbaa47854-0ubuntu1~16.04.1 finished at Thu, 22 Aug 2019 17:24:11 +0000. Datasource DataSourceNoCloud [seed=/dev/sdb][dsmode=net].  Up 31.00 seconds
[[0;32m  OK  [0m] Started Execute cloud user/final scripts.
[[0;32m  OK  [0m] Reached target Cloud-init target.

Ubuntu 16.04.6 LTS ubuntu-xenial ttyS0

ubuntu-xenial login:          Stopping User Manager for UID 1000...
[[0;32m  OK  [0m] Stopped target Cloud-init target.
[[0;32m  OK  [0m] Stopped target Timers.
[[0;32m  OK  [0m] Stopped Daily apt upgrade and clean activities.
         Stopping ACPI event daemon...
[[0;32m  OK  [0m] Stopped Execute cloud user/final scripts.
[[0;32m  OK  [0m] Closed Load/Save RF Kill Switch u         Stopping LSB: MD monitoring daemon...
         Stopping LSB: Set the CPU Frequency Scaling governor to "ondemand"...
         Stopping LSB: Record successful boot for GRUB...
         Stopping Unattended Upgrades Shutdown...
         Stopping Session 3 of user vagrant.
         Stopping Getty on tty1...
         Stopping LSB: daemon to balance interrupts for SMP systems...
         Stopping FUSE filesystem for LXC...
         Stopping Accounts Service...
         Stopping Authenticate and Authorize Users to Run Privileged Tasks...
         Stopping D-Bus System Message Bus...
         Stopping LSB: automatic crash report generation...
         Stopping OpenBSD Secure Shell server...
[[0;32m  OK  [0m] Stopped Apply the settings specified in cloud-config.
[[0;32m  OK  [0m] Stopped Wait until snapd is fully seeded.
[[0;32m  OK  [0m] Stopped target Cloud-config availability.
         Stopping Deferred execution scheduler...
[[0;32m  OK  [0m] Stopped Daily Cleanup of Temporary Directories.
[[0;32m  OK  [0m] Unmounted /var/lib/lxcfs.
[[0;32m  OK  [0m] Stopped Regular background program processing daemon.
[[0;32m  OK  [0m] Stopped Deferred execution scheduler.
[[0;32m  OK  [0m] Stopped System Logging Service.
[[0;32m  OK  [0m] Stopped Accounts Service.
[[0;32m  OK  [0m] Stopped ACPI event daemon.
[[0;32m  OK  [0m] Stopped OpenBSD Secure Shell server.
[[0;32m  OK  [0m] Stopped Unattended Upgrades Shutdown.
[[0;32m  OK  [0m] Stopped Authenticate and Authorize Users to Run Privileged Tasks.
[[0;32m  OK  [0m] Stopped Getty on tty1.
[[0;32m  OK  [0m] Stopped Serial Getty on ttyS0.
[[0;32m  OK  [0m] Stopped User Manager for UID 1000.
[[0;32m  OK  [0m] Stopped Session 3 of user vagrant.
[[0;32m  OK  [0m] Stopped D-Bus System Message Bus.
[[0;32m  OK  [0m] Stopped FUSE filesystem for LXC.
[[0;32m  OK  [0m] Stopped LXD - container startup/shutdown.
[[0;32m  OK  [0m] Stopped LSB: MD monitoring daemon.
[[0;32m  OK  [0m] Stopped LSB: Set the CPU Frequency Scaling governor to "ondemand".
[[0;32m  OK  [0m] Removed slice User Slice of vagrant.
[[0;32m  OK  [0m] Removed slice system-serial\x2dgetty.slice.
         Stopping Permit User Sessions...
[[0;32m  OK  [0m] Removed slice system-getty.slice.
[[0;32m  OK  [0m] Stopped /etc/rc.local Compatibility.
         Stopping Login Service...
[[0;32m  OK  [0m] Stopped LSB: Record successful boot for GRUB.
[[0;32m  OK  [0m] Stopped LSB: daemon to balance interrupts for SMP systems.
[[0;32m  OK  [0m] Stopped Virtualbox guest utils.
[[0;32m  OK  [0m] Stopped LSB: automatic crash report generation.
[[0;32m  OK  [0m] Stopped Permit User Sessions.
[[0;32m  OK  [0m] Stopped Login Service.
[[0;32m  OK  [0m] Stopped target User and Group Name Lookups.
[[0;32m  OK  [0m] Stopped target Remote File Systems.
[[0;32m  OK  [0m] Stopped target Remote File Systems (Pre).
         Stopping Login to default iSCSI targets...
[[0;32m  OK  [0m] Stopped target Basic System.
[[0;32m  OK  [0m] Stopped target Paths.
[[0;32m  OK  [0m] Stopped Dispatch Password Requests to Console Directory Watch.
[[0;32m  OK  [0m] Stopped ACPI Events Check.
[[0;32m  OK  [0m] Stopped Forward Password Requests to Wall Directory Watch.
[[0;32m  OK  [0m] Stopped target Sockets.
[[0;32m  OK  [0m] Closed D-Bus System Message Bus Socket.
[[0;32m  OK  [0m] Closed Syslog Socket.
[[0;32m  OK  [0m] Closed LXD - unix socket.
[[0;32m  OK  [0m] Closed ACPID Listen Socket.
[[0;32m  OK  [0m] Closed Socket activation for snappy daemon.
[[0;32m  OK  [0m] Closed UUID daemon activation socket.
[[0;32m  OK  [0m] Stopped target System Initialization.
         Stopping Load/Save Random Seed...
[[0;32m  OK  [0m] Stopped target Swap.
[[0;32m  OK  [0m] Stopped target Encrypted Volumes.
         Stopping Update UTMP about System Boot/Shutdown...
         Unmounting /tmp...
[[0;32m  OK  [0m] Stopped target Slices.
[[0;32m  OK  [0m] Removed slice User and Session Slice.
[[0;32m  OK  [0m] Stopped Load/Save Random Seed.
[[0;32m  OK  [0m] Unmounted /tmp.
[[0;32m  OK  [0m] Stopped Update UTMP about System Boot/Shutdown.
[[0;32m  OK  [0m] Stopped Create Volatile Files and Directories.
[[0;32m  OK  [0m] Stopped Login to default iSCSI targets.
         Stopping iSCSI initiator daemon (iscsid)...
[[0;32m  OK  [0m] Stopped iSCSI initiator daemon (iscsid).
[[0;32m  OK  [0m] Stopped target Network is Online.
[[0;32m  OK  [0m] Stopped Initial cloud-init job (metadata service crawler).
[[0;32m  OK  [0m] Stopped target Network.
         Stopping Raise network interfaces...
[[0;32m  OK  [0m] Stopped Raise network interfaces.
[[0;32m  OK  [0m] Stopped Apply Kernel Variables.
[[0;32m  OK  [0m] Stopped target Network (Pre).
[[0;32m  OK  [0m] Stopped Initial cloud-init job (pre-networking).
[[0;32m  OK  [0m] Stopped target Local File Systems.
         Unmounting /run/user/1000...
         Unmounting /vagrant...
[[0;32m  OK  [0m] Stopped Load Kernel Modules.
[[0;32m  OK  [0m] Unmounted /run/user/1000.
[[0;32m  OK  [0m] Unmounted /vagrant.
[[0;32m  OK  [0m] Reached target Unmount All Filesystems.
[[0;32m  OK  [0m] Stopped target Local File Systems (Pre).
         Stopping Monitoring of LVM2 mirrors... dmeventd or progress polling...
[[0;32m  OK  [0m] Stopped Create Static Device Nodes in /dev.
[[0;32m  OK  [0m] Stopped Remount Root and Kernel File Systems.
[[0;32m  OK  [0m] Reached target Shutdown.
[  217.224615] reboot: Power down
